         w __deregister_frame_info
         w _ITM_deregisterTMCloneTable
         w _ITM_registerTMCloneTable
         w _Jv_RegisterClasses
         w __register_frame_info
00000000 a shift
00000000 a shift
00100000 T _start
00100000 T __start__
00100008 T __service_ptr
0010000c T __apt_appid
00100010 T __heap_size
00100014 T __linear_heap_size
00100018 T __system_arglist
0010001c T __system_runflags
00100020 t startup
00100058 t ClearMem
0010006c t ClrLoop
00100094 T _init
001000ac t deregister_tm_clones
001000dc t register_tm_clones
00100114 t __do_global_dtors_aux
00100158 t frame_dummy
001001b4 0000000c T MemAlloc
001001c0 00000004 T MemFree
001001c4 00000014 T VRAM_Init
001001d8 000000b0 T VRAM_Alloc
00100288 0000005c T VRAM_Free
001002e4 00000050 T clearScreen
00100334 00000028 T drawPixel
0010035c 0000007c T drawChar
001003d8 00000130 T drawLine
00100508 000000b4 T drawRect
001005bc 00000090 T drawFillRect
0010064c 00000274 T drawCircleCircum
001008c0 000000a8 T drawCircle
00100968 000000cc T drawFillCircle
00100a34 000001f8 T drawCharacter
00100c2c 000000d8 T drawString
00100d04 00000064 T gfxDrawText
00100d68 00000098 T smoothDrawing
00100e00 000001a0 T saveDrawing
00100fa0 000000e4 T writeToArray
00101084 0000005c T writeToScreen
001010e0 00000054 T variableReset
00101134 00000a3c T app
00101b70 000003a4 T printGUI
00101f14 00000024 T closeGIF
00101f38 0000009c T initGIF
00101fd4 000001b0 T save_GIF
00102184 0000004c T getInput
001021d0 00000498 T guiTopPaint
00102668 00000264 T guiTopMenu
001028cc 00000144 T guiBottomPaintAnimation
00102a10 00000458 T guiBottomPaint
00102e68 00000378 T guiBottomMenu
001031e0 00000128 T guiClock
00103308 00000290 T guiPopup
00103598 000001f4 T guiDebug
0010378c 00000058 T getFB
001037e4 00000058 T clearTop
0010383c 00000030 T clearBottom
00103870 00000058 t getSysTime
001038c8 0000004c T osConvertVirtToPhys
00103914 00000020 T osConvertOldLINEARMemToNew
00103934 000000f8 T __libctru_gtod
00103a2c 00000074 T osGetTime
00103aa0 00000014 T osGetFirmVersion
00103ab4 00000014 T osGetKernelVersion
00103ac8 00000020 T osStrError
00103ae8 00000010 T osGetWifiStrength
00103af8 00000034 T __ctru_speedup_config
00103b2c 00000010 T osSetSpeedupEnable
00103b40 00000098 T __get_handle_from_list
00103bd8 00000054 T __destroy_handle_list
00103c2c 00000028 T srvExit
00103c54 0000000c T srvGetSessionHandle
00103c60 00000038 T srvRegisterClient
00103c98 00000068 T srvInit
00103d00 00000080 T srvGetServiceHandle
00103d80 0000005c T srvRegisterService
00103ddc 0000004c T srvUnregisterService
00103e28 00000054 T srvPmInit
00103e7c 00000048 T srvRegisterProcess
00103ec4 00000034 T srvUnregisterProcess
00103ef8 0000008c t gfxSetFramebufferInfo.part.0
00103f84 00000010 T gfxSet3D
00103f94 00000018 T gfxSetScreenFormat
00103fac 00000018 T gfxGetScreenFormat
00103fc4 00000014 T gfxSetDoubleBuffering
00103fd8 00000070 T gfxSetFramebufferInfo
00104048 000000c4 T gfxWriteFramebufferInfo
0010410c 000001e0 T gfxInit
001042ec 00000010 T gfxInitDefault
001042fc 000000e8 T gfxExit
001043e4 000000b0 T gfxGetFramebuffer
00104494 000000dc T gfxFlushBuffers
00104570 00000074 T gfxSwapBuffers
001045e4 0000005c T gfxSwapBuffersGpu
00104640 000000e4 t gspEventThreadMain
00104724 00000014 T gspInit
00104738 00000018 T gspExit
00104750 000000cc T gspInitEventHandler
0010481c 00000058 T gspExitEventHandler
00104874 00000058 T gspWaitForEvent
001048cc 00000070 T GSPGPU_WriteHWRegs
0010493c 0000008c T GSPGPU_WriteHWRegsWithMask
001049c8 00000070 T GSPGPU_ReadHWRegs
00104a38 00000074 T GSPGPU_SetBufferSwap
00104aac 00000054 T GSPGPU_FlushDataCache
00104b00 00000054 T GSPGPU_InvalidateDataCache
00104b54 0000003c T GSPGPU_SetLcdForceBlack
00104b90 00000034 T GSPGPU_TriggerCmdReqQueue
00104bc4 0000006c T GSPGPU_RegisterInterruptRelayQueue
00104c30 00000034 T GSPGPU_UnregisterInterruptRelayQueue
00104c64 00000050 T GSPGPU_AcquireRight
00104cb4 00000034 T GSPGPU_ReleaseRight
00104ce8 00000084 T GSPGPU_ImportDisplayCaptureInfo
00104d6c 00000034 T GSPGPU_SaveVramSysArea
00104da0 00000034 T GSPGPU_RestoreVramSysArea
00104dd4 0000010c T GSPGPU_SubmitGxCommand
00104ee0 00000014 T gspLcdInit
00104ef4 00000018 T gspLcdExit
00104f0c 00000034 T GSPLCD_PowerOffBacklight
00104f40 00000034 T GSPLCD_PowerOnBacklight
00104f74 000000d0 T hidExit
00105044 00000058 T hidWaitForEvent
0010509c 0000003c T hidCheckSectionUpdateTime
001050d8 00000248 T hidScanInput
00105320 00000010 T hidKeysHeld
00105330 00000010 T hidKeysDown
00105340 00000010 T hidKeysUp
00105350 00000018 T hidTouchRead
00105368 00000018 T hidCircleRead
00105380 00000020 T hidAccelRead
001053a0 00000020 T hidGyroRead
001053c0 00000090 T HIDUSER_GetHandles
00105450 00000154 T hidInit
001055a4 0000002c T HIDUSER_EnableAccelerometer
001055d0 0000002c T HIDUSER_DisableAccelerometer
001055fc 0000002c T HIDUSER_EnableGyroscope
00105628 0000002c T HIDUSER_DisableGyroscope
00105654 0000003c T HIDUSER_GetGyroscopeRawToDpsCoefficient
00105690 00000038 T HIDUSER_GetSoundVolume
001056c8 00000064 t __apt_initservicehandle
0010572c 00000004 W _aptDebug
00105730 000000b0 T aptInitCaptureInfo
001057e0 00000028 T aptWaitStatusEvent
00105808 00000038 T aptHook
00105840 0000002c T aptUnhook
0010586c 00000038 T aptGetStatus
001058a4 00000070 T aptSetStatus
00105914 00000038 T aptGetStatusPower
0010594c 00000038 T aptSetStatusPower
00105984 00000024 T aptOpenSession
001059a8 00000028 T aptCloseSession
001059d0 00000010 T aptSignalReadyForSleep
001059e0 00000050 T APT_GetLockHandle
00105a30 00000068 T APT_Initialize
00105a98 0000003c T APT_Finalize
00105ad4 00000034 T APT_HardwareResetAsync
00105b08 0000003c T APT_Enable
00105b44 00000080 T APT_GetAppletManInfo
00105bc4 0000003c T aptGetMenuAppID
00105c00 00000098 T APT_GetAppletInfo
00105c98 00000054 T APT_GetAppletProgramInfo
00105cec 00000070 T APT_GetProgramID
00105d5c 00000050 T APT_IsRegistered
00105dac 00000050 T APT_InquireNotification
00105dfc 00000034 T APT_PrepareToJumpToHomeMenu
00105e30 00000050 T APT_JumpToHomeMenu
00105e80 0000003c T APT_PrepareToJumpToApplication
00105ebc 00000050 T APT_JumpToApplication
00105f0c 0000003c T APT_NotifyToWait
00105f48 00000088 T APT_AppletUtility
00105fd0 00000120 T aptAppletUtility_Exit_RetToApp
001060f0 00000044 T aptAppletClosed
00106134 000000cc t aptAppStarted
00106200 000001c8 T aptInit
001063c8 00000074 T APT_GlanceParameter
0010643c 00000074 T APT_ReceiveParameter
001064b0 00000070 T APT_SendParameter
00106520 0000004c T APT_SendCaptureBufferInfo
0010656c 000001d4 T aptReturnToMenu
00106740 00000040 T APT_ReplySleepQuery
00106780 0000003c T APT_ReplySleepNotificationComplete
001067bc 00000304 T aptEventHandler
00106ac0 0000003c T APT_PrepareToCloseApplication
00106afc 00000058 T APT_CloseApplication
00106b54 000001ec T aptExit
00106d40 00000044 T APT_SetAppCpuTimeLimit
00106d84 00000054 T APT_GetAppCpuTimeLimit
00106dd8 0000005c T APT_CheckNew3DS_Application
00106e34 0000005c T APT_CheckNew3DS_System
00106e90 00000074 T APT_CheckNew3DS
00106f04 0000004c T APT_PrepareToDoAppJump
00106f50 00000068 T APT_DoAppJump
00106fb8 0000003c T APT_PrepareToStartLibraryApplet
00106ff4 00000060 T APT_StartLibraryApplet
00107054 00000104 T aptAppletStarted
00107158 00000178 T aptMainLoop
001072d0 00000198 T APT_LaunchLibraryApplet
00107468 0000003c T APT_PrepareToStartSystemApplet
001074a4 00000060 T APT_StartSystemApplet
00107504 00000014 T ptmInit
00107518 00000010 T ptmExit
00107528 00000014 T ptmSysmInit
0010753c 00000010 T ptmSysmExit
0010754c 00000040 T PTMU_GetShellState
0010758c 00000040 T PTMU_GetBatteryLevel
001075cc 00000040 T PTMU_GetBatteryChargeState
0010760c 00000040 T PTMU_GetPedometerState
0010764c 00000040 T PTMU_GetTotalStepCount
0010768c 00000034 T PTMSYSM_ConfigureNew3DSCPU
001076c0 00000054 T GX_RequestDma
00107714 00000068 T GX_SetCommandList_Last
0010777c 00000074 T GX_SetMemoryFill
001077f0 00000064 T GX_SetDisplayTransfer
00107854 00000068 T GX_SetTextureCopy
001078bc 00000068 T GX_SetCommandList_First
00107924 0000002c T FS_makePath
00107950 00000024 T fsExit
00107974 0000000c T fsGetSessionHandle
00107980 00000074 T FSUSER_Initialize
001079f4 0000006c T fsInit
00107a60 000000ac T FSUSER_OpenFile
00107b0c 000000cc T FSUSER_OpenFileDirectly
00107bd8 00000088 T FSUSER_DeleteFile
00107c60 000000c4 T FSUSER_RenameFile
00107d24 00000088 T FSUSER_DeleteDirectory
00107dac 00000088 T FSUSER_DeleteDirectoryRecursively
00107e34 00000098 T FSUSER_CreateFile
00107ecc 0000008c T FSUSER_CreateDirectory
00107f58 000000c4 T FSUSER_RenameDirectory
0010801c 00000094 T FSUSER_OpenDirectory
001080b0 00000088 T FSUSER_OpenArchive
00108138 00000058 T FSUSER_CloseArchive
00108190 0000007c T FSUSER_GetSdmcArchiveResource
0010820c 0000007c T FSUSER_GetNandArchiveResource
00108288 0000004c T FSUSER_IsSdmcDetected
001082d4 0000004c T FSUSER_GetMediaType
00108320 0000004c T FSUSER_IsSdmcWritable
0010836c 00000044 T FSFILE_Close
001083b0 0000005c T FSFILE_Read
0010840c 00000064 T FSFILE_Write
00108470 00000040 T FSFILE_GetSize
001084b0 0000002c T FSFILE_SetSize
001084dc 00000038 T FSFILE_GetAttributes
00108514 00000028 T FSFILE_SetAttributes
0010853c 00000024 T FSFILE_Flush
00108560 00000054 T FSDIR_Read
001085b4 00000044 T FSDIR_Close
001085f8 0000004c W __libctru_init
00108644 000000a4 W __system_allocateHeaps
001086e8 000000f4 T __system_initArgv
001087e0 T svcControlMemory
00108800 T svcQueryMemory
00108830 T svcExitProcess
00108838 T svcCreateThread
00108858 T svcExitThread
00108860 T svcSleepThread
00108868 T svcGetThreadPriority
0010887c T svcSetThreadPriority
00108884 T svcGetThreadAffinityMask
0010888c T svcSetThreadAffinityMask
00108894 T svcGetThreadIdealProcessor
001088a8 T svcSetThreadIdealProcessor
001088b0 T svcGetProcessorID
001088b8 T svcCreateMutex
001088cc T svcReleaseMutex
001088d4 T svcCreateSemaphore
001088e8 T svcReleaseSemaphore
001088fc T svcCreateEvent
00108910 T svcSignalEvent
00108918 T svcClearEvent
00108920 T svcCreateTimer
00108934 T svcSetTimer
0010893c T svcCancelTimer
00108944 T svcClearTimer
0010894c T svcCreateMemoryBlock
00108964 T svcMapMemoryBlock
0010896c T svcUnmapMemoryBlock
00108974 T svcCreateAddressArbiter
00108988 T svcArbitrateAddress
001089a8 T svcCloseHandle
001089b0 T svcWaitSynchronization
001089b8 T svcWaitSynchronizationN
001089e0 T svcDuplicateHandle
001089f4 T svcGetSystemTick
001089fc T svcGetSystemInfo
00108a14 T svcGetProcessInfo
00108a2c T svcGetThreadInfo
00108a44 T svcConnectToPort
00108a58 T svcSendSyncRequest
00108a60 T svcOpenProcess
00108a74 T svcOpenThread
00108a88 T svcGetProcessId
00108a9c T svcGetProcessIdOfThread
00108ab0 T svcGetThreadId
00108ac4 T svcBreak
00108acc T svcOutputDebugString
00108ad4 T svcCreatePort
00108af4 T svcAcceptSession
00108b0c T svcReplyAndReceive
00108b24 T svcInvalidateProcessDataCache
00108b2c T svcFlushProcessDataCache
00108b34 T svcStartInterProcessDma
00108b54 T svcStopDma
00108b5c T svcGetDmaState
00108b70 T svcDebugActiveProcess
00108b84 T svcBreakDebugProcess
00108b8c T svcTerminateDebugProcess
00108b94 T svcGetProcessDebugEvent
00108b9c T svcContinueDebugEvent
00108ba4 T svcGetProcessList
00108bc4 T svcReadProcessMemory
00108bcc T svcWriteProcessMemory
00108bd4 T svcControlProcessMemory
00108bec T svcMapProcessMemory
00108bf4 T svcUnmapProcessMemory
00108bfc T svcTerminateProcess
00108c04 T svcBackdoor
00108c0c T svcKernelSetState
00108c14 T svcQueryProcessMemory
00108c40 T initSystem
00108c84 T __ctru_exit
00108ca4 00000024 t addrMapNodeComparator(rbtree_node const*, rbtree_node const*)
00108cc8 00000004 t addrMapNodeDestructor(rbtree_node*)
00108ccc 00000130 T vramMemAlign
00108dfc 00000008 T vramAlloc
00108e04 00000008 T vramRealloc
00108e0c 00000050 T vramFree
00108e5c 0000000c T vramSpaceFree
00108e68 00000024 t addrMapNodeComparator(rbtree_node const*, rbtree_node const*)
00108e8c 00000004 t addrMapNodeDestructor(rbtree_node*)
00108e90 000000f4 T mappableAlloc
00108f84 00000050 T mappableFree
00108fd4 0000000c T mappableSpaceFree
00108fe0 00000024 t addrMapNodeComparator(rbtree_node const*, rbtree_node const*)
00109004 00000004 t addrMapNodeDestructor(rbtree_node*)
00109008 00000140 T linearMemAlign
00109148 00000008 T linearAlloc
00109150 00000008 T linearRealloc
00109158 00000050 T linearFree
001091a8 0000000c T linearSpaceFree
001091b4 000000a0 T MemPool::CoalesceRight(MemBlock*)
00109254 00000188 T MemPool::Allocate(MemChunk&, unsigned long, int)
001093dc 00000104 T MemPool::Deallocate(MemChunk const&)
001094e0 00000030 T MemPool::GetFreeSpace()
00109510 0000004c T irrstWaitForEvent
0010955c 0000003c T irrstCheckSectionUpdateTime
00109598 000000b4 T irrstScanInput
0010964c 00000018 T irrstKeysHeld
00109664 00000018 T irrstCstickRead
0010967c 00000050 T IRRST_GetHandles
001096cc 00000038 T IRRST_Initialize
00109704 00000100 T irrstInit
00109804 0000002c T IRRST_Shutdown
00109830 000000a0 T irrstExit
001098d0 00000014 T rbtree_init
001098e4 000001e4 t do_insert
00109ac8 00000008 T rbtree_insert
00109ad0 00000008 T rbtree_insert_multi
00109ad8 000000ac T rbtree_rotate
00109b84 00000340 T rbtree_remove
00109ec4 00000070 T rbtree_find
00109f34 0000001c W __appInit
00109f50 0000001c W __appExit
00109f6c 00000090 W __libctru_exit
00109ffc 00000010 t sdmc_link
0010a00c 00000010 t sdmc_dirreset
0010a01c 00000010 t sdmc_chmod
0010a02c 00000010 t sdmc_fchmod
0010a03c 00000024 t error_cmp
0010a060 00000050 t sdmc_translate_error
0010a0b0 00000030 t sdmc_fsync
0010a0e0 00000050 t sdmc_ftruncate
0010a130 000000c0 t sdmc_statvfs
0010a1f0 00000034 t sdmc_dirclose
0010a224 000000dc t sdmc_dirnext
0010a300 00000030 t sdmc_close
0010a330 0000006c t sdmc_fstat
0010a39c 000000bc t sdmc_seek
0010a458 00000090 t sdmc_read
0010a4e8 0000010c t sdmc_write
0010a5f4 000001a8 t sdmc_utf16path
0010a79c 00000080 t sdmc_rmdir
0010a81c 0000009c t sdmc_diropen
0010a8b8 000000a8 t sdmc_chdir
0010a960 00000080 t sdmc_mkdir
0010a9e0 0000013c t sdmc_rename
0010ab1c 00000080 t sdmc_unlink
0010ab9c 00000134 t sdmc_stat
0010acd0 000001a8 t sdmc_open
0010ae78 00000130 T sdmcInit
0010afa8 00000050 T sdmcExit
0010aff8 0000008c T rbtree_node_next
0010b084 0000008c T rbtree_node_prev
0010b110 000000e8 T utf16_to_utf8
0010b1f8 00000060 T decode_utf16
0010b258 00000138 T decode_utf8
0010b390 000000b8 T utf8_to_utf16
0010b448 00000068 T encode_utf16
0010b4b0 00000104 T encode_utf8
0010b5b4 T __aeabi_idiv
0010b5b4 00000220 T __divsi3
0010b5bc t .divsi3_skip_div0_test
0010b7d4 00000020 T __aeabi_idivmod
0010b7f4 00000004 W __aeabi_idiv0
0010b7f4 00000004 W __aeabi_ldiv0
0010b7f8 T __aeabi_uldivmod
0010b834 0000003c T __gnu_ldivmod_helper
0010b870 0000003c T __gnu_uldivmod_helper
0010b8ac 00000180 T __divdi3
0010ba2c 00000124 T __udivdi3
0010bb68 00000390 T strcmp
0010bf00 00000018 T setDefaultDevice
0010bf18 000000ac T FindDevice
0010bfc4 0000002c T RemoveDevice
0010bff0 00000094 T AddDevice
0010c084 00000024 T GetDeviceOpTab
0010c0a8 0000007c T _close_r
0010c124 0000006c T _fstat_r
0010c190 00000008 T _isatty_r
0010c198 00000074 T _lseek_r
0010c20c 000000c8 T _open_r
0010c2d4 00000074 T _read_r
0010c348 00000070 T _sbrk_r
0010c3b8 00000074 T _write_r
0010c42c 000001bc T _concatenate_path
0010c5e8 00000148 T chdir
0010c730 000000a0 T getcwd
0010c7d0 00000004 T __flockfile
0010c7d4 00000004 T __funlockfile
0010c7d8 00000018 T __libc_lock_init
0010c7f0 00000018 T __libc_lock_acquire
0010c808 00000024 T __libc_lock_try_acquire
0010c82c 00000018 T __libc_lock_release
0010c844 00000018 T __libc_lock_close
0010c85c 00000018 T __libc_lock_init_recursive
0010c874 00000018 T __libc_lock_acquire_recursive
0010c88c 00000024 T __libc_lock_try_acquire_recursive
0010c8b0 00000018 T __libc_lock_release_recursive
0010c8c8 00000018 T __libc_lock_close_recursive
0010c8e0 00000044 T __free_handle
0010c924 0000002c T __release_handle
0010c950 00000068 T __alloc_handle
0010c9b8 0000001c T __get_handle
0010c9d4 0000008c T dup
0010ca60 000000d4 T dup2
0010cb34 00000028 T __getreent
0010cb5c T __aeabi_uidiv
0010cb5c 000001ec T __udivsi3
0010cb5c t .udivsi3_skip_div0_test
0010cd48 00000020 T __aeabi_uidivmod
0010cd68 0000028c T main
0010cff4 0000002c t InternalWrite
0010d020 0000003c t EGifPutWord
0010d05c 00000064 t EGifBufferedOutput.part.0
0010d0c0 0000007c t EGifBufferedOutput
0010d13c 00000040 t EGifPutExtensionBlock.part.2
0010d17c 0000013c t EGifCompressOutput
0010d2b8 00000160 t EGifCompressLine
0010d418 00000104 t EGifWriteExtensions
0010d51c 000000d0 T EGifOpenFileHandle
0010d5ec 00000070 T EGifOpenFileName
0010d65c 000000c4 T EGifOpen
0010d720 000000e8 T EGifGetGifVersion
0010d808 00000010 T EGifSetGifVersion
0010d818 00000214 T EGifPutScreenDesc
0010da2c 0000032c T EGifPutImageDesc
0010dd58 00000084 T EGifPutLine
0010dddc 00000084 T EGifPutPixel
0010de60 00000054 T EGifPutExtensionLeader
0010deb4 00000024 T EGifPutExtensionBlock
0010ded8 0000004c T EGifPutExtensionTrailer
0010df24 000000a4 T EGifPutExtension
0010dfc8 0000011c T EGifPutComment
0010e0e4 00000068 T EGifGCBToExtension
0010e14c 000000fc T EGifGCBToSavedExtension
0010e248 0000006c T EGifPutCodeNext
0010e2b4 00000028 T EGifPutCode
0010e2dc 00000110 T EGifCloseFile
0010e3ec 000001b0 T EGifSpew
0010e59c 00000028 T _InitHashTable
0010e5c4 0000000c T _ClearHashTable
0010e5d0 00000058 T _InsertHashTable
0010e628 00000064 T _ExistsHashTable
0010e68c 00000024 T GifBitSize
0010e6b0 000000d0 T GifMakeMapObject
0010e780 00000024 T GifFreeMapObject
0010e7a4 000002dc T GifUnionColorMap
0010ea80 0000003c T GifApplyTranslation
0010eabc 000000c8 T GifAddExtensionBlock
0010eb84 0000006c T GifFreeExtensions
0010ebf0 00000068 T FreeLastSavedImage
0010ec58 00000164 T GifMakeSavedImage
0010edbc 00000098 T GifFreeSavedImages
0010ee54 00000078 T bsearch
0010eecc 00000020 T calloc
0010eeec 00000094 T _calloc_r
0010ef80 00000118 T _fclose_r
0010f098 00000018 T fclose
0010f0b0 0000012c T _fdopen_r
0010f1dc 00000020 T fdopen
0010f1fc 00000238 T __sflush_r
0010f434 00000098 T _fflush_r
0010f4cc 00000038 T fflush
0010f504 0000000c T _cleanup_r
0010f510 0000001c t __fp_lock
0010f52c 0000001c t __fp_unlock
0010f548 0000015c t __sinit.part.1
0010f6a4 00000048 T __sfmoreglue
0010f6ec 000000e8 T __sfp
0010f7d4 00000018 T _cleanup
0010f7ec 00000010 T __sinit
0010f7fc 00000004 T __sfp_lock_acquire
0010f800 00000004 T __sfp_lock_release
0010f804 00000004 T __sinit_lock_acquire
0010f808 00000004 T __sinit_lock_release
0010f80c 00000018 T __fp_lock_all
0010f824 00000018 T __fp_unlock_all
0010f83c 00000040 T __libc_fini_array
0010f87c 000000b0 T __sflags
0010f92c 000000f8 T _malloc_trim_r
0010fa24 000002b4 T _free_r
0010fcd8 00000078 T _fwalk
0010fd50 00000080 T _fwalk_reent
0010fdd0 0000011c T _fwrite_r
0010feec 00000038 T fwrite
0010ff24 00000078 T __libc_init_array
0010ff9c 00000020 T memalign
0010ffbc 00000160 T _memalign_r
0011011c 00000018 T malloc
00110134 00000018 T free
0011014c 00000740 T _malloc_r
0011088c 000000a8 T memcmp
00110934 000000f4 T memcpy
00110a28 000000f0 T memset
00110b18 00000004 T __malloc_lock
00110b1c 00000004 T __malloc_unlock
00110b20 000000ec T _puts_r
00110c0c 00000018 T puts
00110c24 00000020 T realloc
00110c44 00000564 T _realloc_r
001111a8 000000d8 T _snprintf_r
00111280 000000e0 T snprintf
00111360 00000068 T _sprintf_r
001113c8 00000068 T sprintf
00111430 00000030 T __sread
00111460 00000008 T __seofread
00111468 00000054 T __swrite
001114bc 0000002c T __sseek
001114e8 00000008 T __sclose
001114f0 000000f0 T strcpy
001115e0 0000005c T strlen
0011163c 000000a4 T strncat
001116e0 000000e0 T strncpy
001117c0 00000860 t get_arg
00112020 00004320 T _svfprintf_r
00116340 00000018 T close
00116358 00000040 T open
00116398 0000008c T _wcrtomb_r
00116424 00000094 T wcrtomb
001164b8 00000020 T _wcsrtombs_r
001164d8 0000003c T wcsrtombs
00116514 00000114 T __utf8_wctomb
00116628 00000048 T _wctomb_r
00116670 00000028 T __ascii_wctomb
00116698 00000084 T __sjis_wctomb
0011671c 000000c8 T __eucjp_wctomb
001167e4 000000d4 T __jis_wctomb
001168b8 000001c0 t quorem
00116a78 000012dc T _dtoa_r
00117d58 000004c4 T __sfvwrite_r
0011821c 0000008c t __get_locale_env
001182a8 000008a4 t loadlocale
00118b4c 00000088 t currentlocale
00118bd4 00000300 T _setlocale_r
00118ed4 0000000c T __locale_charset
00118ee0 00000010 T __locale_mb_cur_max
00118ef0 0000000c T __locale_msgcharset
00118efc 00000010 T __locale_cjk_lang
00118f0c 0000000c T _localeconv_r
00118f18 00000020 T setlocale
00118f38 00000014 T localeconv
00118f4c 000002fc T __utf8_mbtowc
00119248 0000004c T _mbtowc_r
00119294 0000004c T __ascii_mbtowc
001192e0 000000d4 T __sjis_mbtowc
001193b4 00000140 T __eucjp_mbtowc
001194f4 000001a8 T __jis_mbtowc
0011969c 00000120 T memchr
001197bc 0000012c T memmove
001198e8 0000008c T _Balloc
00119974 0000001c T _Bfree
00119990 000000d0 T __multadd
00119a60 000000e4 T __s2b
00119b44 0000005c T __hi0bits
00119ba0 00000098 T __lo0bits
00119c38 00000020 T __i2b
00119c58 000001dc T __multiply
00119e34 00000100 T __pow5mult
00119f34 000000f4 T __lshift
0011a028 00000064 T __mcmp
0011a08c 0000013c T __mdiff
0011a1c8 00000074 T __ulp
0011a23c 000000e4 T __b2d
0011a320 00000104 T __d2b
0011a424 0000007c T __ratio
0011a4a0 00000044 T _mprec_log10
0011a4e8 0000006c T __copybits
0011a554 00000080 T __any_on
0011a5d4 00000074 T __fpclassifyd
0011a648 00000094 T frexp
0011a6e0 00000068 T strcasecmp
0011a748 00000080 T strcat
0011a7c8 0000016c T strchr
0011a934 00000048 T strlcpy
0011a97c 0000008c T strncasecmp
0011aa08 00000110 T strncmp
0011ab18 000001dc T _strtol_r
0011acf4 00000028 T strtol
0011ad1c 00000860 t get_arg
0011b57c 000001a8 T __ssprint_r
0011b724 00002fdc T _svfiprintf_r
0011e700 00000184 T _wcsnrtombs_r
0011e884 00000040 T wcsnrtombs
0011e8c4 0000014c T __swsetup_r
0011ea10 00000018 T __set_ctype
0011ea28 000000c8 T _findenv_r
0011eaf0 00000018 T _getenv_r
0011eb08 00000160 T __smakebuf_r
0011ec68 00000004 T __env_lock
0011ec6c 00000004 T __env_unlock
0011ec70 0000000c T __errno
0011ec7c 0000005c T strnlen
0011ecd8 00000044 T strrchr
0011ed1c T _fini
0011f000 R POP_bin
00122b3e R POP_bin_end
00122b40 R POP_bin_size
00122b44 00000400 r asciiData
00122f64 0000002c r CSWTCH.14
00122f90 00000014 r CSWTCH.21
00122fa4 0000000c r __apt_servicenames
00122fb0 00000030 r error_table
00122fe0 00000068 R dotab_stdnull
00123048 00000003 R DIRECTORY_PARENT
0012304c 00000002 R DIRECTORY_THIS
00123050 00000002 R DIRECTORY_SEPARATOR
001234f8 00000009 r CodeMask
00123650 00000004 R _global_impure_ptr
00123658 00000010 r zeroes.7037
001236a8 r .LC2
001236ac 00000010 r blanks.7036
001237f0 0000001c r categories
0012380c 00000048 r JIS_state_table
00123854 00000048 r JIS_action_table
0012389c 0000000c r p05.5298
001238a8 000000c8 R __mprec_tens
00123970 00000028 R __mprec_bigtens
00123998 00000028 R __mprec_tinytens
001239c0 0000006c R __state_table
00123a2c 00000010 r blanks.7015
00123a3c 00000100 R __chclass
00123b3c 0000006c R __action_table
00123ba8 00000010 r zeroes.7016
00123bb8 00000101 R _ctype_
00123cc4 R __exidx_end
00123cc4 R __exidx_start
00124000 D __dso_handle
00124004 0000000c D fontDefault
00124010 00000001 D paddle1R
00124011 00000001 D paddle1G
00124014 00000004 D screenWait
00124018 00000001 D paddle1B
0012401c 00000001 D debug
00124020 00000004 D framepersecond
00124024 0000006c D cTable
00124090 00000001 D batteryLevel
00124094 00001ec9 D font1Data
00125f60 00002400 D font1Desc
00128360 00000004 d ExtStr.5352
00128364 00000004 D var1
00128368 00000001 d topFormat
00128369 00000001 d botFormat
0012836c 00000008 d doubleBuf
00128374 W __stacksize__
00128378 00001001 d __cwd
0012937c 00000018 d sdmcArchive
00129394 00000068 d sdmc_devoptab
001293fc 00000004 d defaultDevice
00129400 00000040 D devoptab_list
00129440 00001000 d _current_working_directory
0012a440 0000000c d __stdin_handle
0012a44c 0000000c d __stdout_handle
0012a458 0000000c d __stderr_handle
0012a464 00001000 d handles
0012b468 00000428 d impure_data
0012b890 00000004 D _impure_ptr
0012b894 00000408 D __malloc_av_
0012bc9c 00000004 D __malloc_trim_threshold
0012bca0 00000004 D __malloc_sbrk_base
0012bca4 00000004 D __wctomb
0012bca8 00000020 d lc_message_charset
0012bcc8 00000038 d lconv
0012bd00 000000e0 d current_categories
0012bde0 00000020 d lc_ctype_charset
0012be00 00000020 D __default_locale
0012be20 00000004 D __mb_cur_max
0012be24 00000004 D __mbtowc
0012be28 00000004 D __ctype_ptr__
0012be2c 00000004 D environ
0012be30 d __EH_FRAME_BEGIN__
0012bea0 d __FRAME_END__
0012bea4 d __JCR_END__
0012bea4 d __JCR_LIST__
0012bea8 t __frame_dummy_init_array_entry
0012bea8 T __init_array_start
0012bea8 T __preinit_array_end
0012bea8 T __preinit_array_start
0012bea8 D __TMC_END__
0012bea8 d __TMC_LIST__
0012beac t __do_global_dtors_aux_fini_array_entry
0012beac T __fini_array_start
0012beac T __init_array_end
0012beb0 T __bss_start__
0012beb0 b completed.8113
0012beb0 T __fini_array_end
0012beb4 b object.8118
0012becc 00000001 B count
0012bed0 00000004 B color
0012bed4 00000004 B x
0012bed8 00000004 B y
0012bedc 00000004 B state
0012bee0 00000004 B mode
0012bee4 00000001 B exitPopup
0012bee8 00000004 B rendered
0012beec 00000001 B aboutPopup
0012beed 00000001 B debugPopup
0012beee 00000001 B closePopup
0012beef 00000001 B clearPopup
0012bef0 00000001 B savePopup
0012bef1 00000001 B errorPopup
0012bef4 00000004 B frame
0012bef8 00000004 B canvassize
0012befc 00000001 B showLastFrame
0012bf00 00000004 B save
0012bf04 00000004 B saveGIF
0012bf08 00000004 B frameCount
0012bf0c 00000004 B sound
0012bf10 00000004 B sizeCANVAS
0012bf14 00000004 B guiy
0012bf18 00000004 B guix
0012bf1c 00000004 B time
0012bf20 00000004 B screenBottom
0012bf24 00000004 B screenTopLeft
0012bf28 00000004 B screenTopRight
0012bf2c 00000001 V __ctru_speedup
0012bf30 00000004 b g_srv_handle
0012bf34 00000001 b enable3d
0012bf38 00000004 B screenFree
0012bf3c 00000002 b currentBuffer
0012bf40 00000004 b gspEvent
0012bf44 00000004 b gspEventData
0012bf48 00000004 B gspGpuHandle
0012bf4c 00000004 B gspLcdHandle
0012bf50 00000001 b hidInitialised
0012bf54 00000004 b kOld
0012bf58 00000004 b kHeld
0012bf5c 00000004 b cPos
0012bf60 00000004 b tPos
0012bf64 00000006 b aVec
0012bf6c 00000006 b gRate
0012bf74 00000004 b kDown
0012bf78 00000004 b kUp
0012bf7c 00000004 b __apt_servicestr
0012bf80 00000004 B aptStatusEvent
0012bf84 0000000c b aptFirstHook
0012bf90 00000001 B aptStatus
0012bf94 00000004 B aptStatusPower
0012bf98 00000004 B aptSleepSync
0012bf9c 00000001 b aptInitialised
0012bf9e 00000002 b __apt_launchapplet_appID
0012bfa0 00000020 b __ns_capinfo
0012bfc0 00000001 B aptStatusBeforeSleep
0012bfc4 00000004 b __apt_launchapplet_parambuf
0012bfc8 00000004 b __apt_launchapplet_parambufsize
0012bfcc 00000004 b __apt_new3dsflag_initialized
0012bfd0 00000001 b __apt_new3dsflag
0012bfd4 00000004 b __apt_launchapplet_inhandle
0012bfd8 00000004 b ptmHandle
0012bfdc 00000004 b ptmSysmHandle
0012bfe0 00000001 b fsInitialised
0012bfe4 00000004 b fsuHandle
0012bfe8 b saved_stack
0012bff0 00000008 b sVramPool
0012bff8 0000000c b sAddrMap
0012c004 00000008 b sMappablePool
0012c00c 0000000c b sAddrMap
0012c018 00000008 b sLinearPool
0012c020 0000000c b sAddrMap
0012c02c 00000001 b irrstUsed
0012c030 00000004 b kHeld
0012c034 00000004 b csPos
0012c038 00002000 b tmp_buffer.5994
0012e038 00001001 b __fixedpath
0012f03c 00002002 b __utf16path
00131040 00002002 b __utf16path_old.6065
00133042 00000001 b sdmcInitialised
00133044 00000004 b heap_start.5558
00133048 00000004 B fake_heap_start
0013304c 00000004 B fake_heap_end
00133050 00001000 b temp_cwd
00134050 00000040 B __syscalls
00134090 00000004 B __malloc_max_total_mem
00134094 00000004 B __malloc_max_sbrked_mem
00134098 00000004 B __malloc_top_pad
0013409c 00000028 B __malloc_current_mallinfo
001340c4 00000004 B _PathLocale
001340c8 00000004 B __nlocale_changed
001340cc 00000004 B __mlocale_changed
001340d0 00000004 b lc_ctype_cjk_lang
001340d4 000000e0 b new_categories
001341b4 000000e7 b current_locale_string
0013429c 000000e0 b saved_categories
0013437c 00000004 b initial_env
00134380 00000c00 B VRAM_Status
00134f80 00000001 B GW_MODE
00134f84 00000018 B sdmcArchive
00134fa0 00000008 B tickOld
00134fa8 00000004 B fps
00134fac 00000004 B printFPS
00134fb0 00000004 B canvasarray
00134fb4 00012c00 B posxy
00147bb4 00000002 B oldposX
00147bb8 00000004 B input
00147bbc 00000002 B posY
00147bbe 00000002 B oldposY
00147bc0 00000002 B posX
00147bc4 00000004 B guix2
00147bc8 00000004 B guix1
00147bcc 00000004 B box
00147bd0 00000064 B buffer
00147c34 00000008 B gfxBottomFramebuffers
00147c3c 00000004 B gspSharedMemHandle
00147c40 0000001c B bottomFramebufferInfo
00147c5c 00000004 B gspEvent
00147c60 00000008 B gfxTopLeftFramebuffers
00147c68 00000008 B gfxTopRightFramebuffers
00147c70 0000001c B topFramebufferInfo
00147c8c 00000001 B gfxThreadID
00147c90 00000004 B gfxSharedMemory
00147c98 00001000 B gspEventStack
00148c98 00000004 B gspEventThread
00148c9c 0000001c B gspEventCounts
00148cb8 0000001c B gspEvents
00148cd4 00000001 B gspRunEvents
00148cd8 00000004 B hidMemHandle
00148cdc 00000004 B hidHandle
00148ce0 00000004 B hidSharedMem
00148ce4 00000014 B hidEvents
00148cf8 00000004 B aptEventHandlerThread
00148cfc 00001000 B aptParameters
00149d00 00001000 B aptEventHandlerStack
0014ad00 00000004 B aptuHandle
0014ad04 0000000c B aptEvents
0014ad10 00000004 B aptStatusMutex
0014ad14 00000004 B aptLockHandle
0014ad18 00000002 B currentAppId
0014ad1c 00000004 B gxCmdBuf
0014ad20 00000004 B __system_retAddr
0014ad24 00000004 B __heapBase
0014ad28 00000004 B __linear_heap
0014ad2c 00000004 B __system_argv
0014ad30 00000004 B __system_argc
0014ad34 00000004 B irrstHandle
0014ad38 00000004 B irrstEvent
0014ad3c 00000004 B irrstMemHandle
0014ad40 00000004 B irrstSharedMem
0014ad44 B __bss_end__
0014ad44 A __end__
